accountsservice
acl
adduser
alsa-base
alsa-topology-conf
alsa-ucm-conf
alsa-utils
amd64-microcode
apparmor
apt
apt-utils
at-spi2-core
autopoint
base-files
bash-completion
bc
bind9-dnsutils
bind9-host
bind9-libs
binutils
binutils-common
binutils-x86-64-linux-gnu
bsdmainutils
bsdutils
busybox-static
bzip2
ca-certificates
command-not-found
console-setup
console-setup-linux
coreutils
cpio
cpp
cpp-9
crda
cron
dbus
dbus-user-session
dbus-x11
dconf-gsettings-backend
dconf-service
debconf
debconf-i18n
debianutils
desktop-base
dh-strip-nondeterminism
dirmngr
distro-info-data
dmidecode
dmsetup
dns-root-data
dnsmasq-base
dosfstools
dpkg
dpkg-dev
dwz
e2fsprogs
ed
eject
fakeroot
fdisk
file
fontconfig
fontconfig-config
friendly-recovery
ftp
fuse
g++
g++-9
gcc
gcc-10-base
gcc-9
gcc-9-base
gdisk
gettext-base
gir1.2-glib-2.0
gir1.2-packagekitglib-1.0
glib-networking
glib-networking-common
glib-networking-services
gnupg
gnupg-l10n
gnupg-utils
gpg
gpg-agent
gpg-wks-client
gpg-wks-server
gpgconf
gpgsm
gpgv
groff-base
gsettings-desktop-schemas
gstreamer1.0-plugins-base
hdparm
hicolor-icon-theme
humanity-icon-theme
info
init-system-helpers
install-info
intel-microcode
intltool-debian
iproute2
iptables
iputils-ping
iputils-tracepath
irqbalance
isc-dhcp-client
isc-dhcp-common
iso-codes
iucode-tool
iw
kbd
keyboard-configuration
kmod
krb5-locales
language-selector-common
less
libaa1
libaccountsservice0
libacl1
libapparmor1
libappindicator3-1
libappstream4
libapt-pkg6.0
libarchive13
libargon2-1
libasan5
libasn1-8-heimdal
libasound2-data
libasound2-plugins
libassuan0
libasyncns0
libatasmart4
libatk-bridge2.0-0
libatk1.0-0
libatk1.0-data
libatm1
libatomic1
libatopology2
libatspi2.0-0
libattr1
libaudit-common
libaudit1
libavahi-client3
libavahi-common-data
libavahi-common3
libbinutils
libblkid1
libblockdev-crypto2
libblockdev-fs2
libblockdev-loop2
libblockdev-part-err2
libblockdev-part2
libblockdev-swap2
libblockdev-utils2
libblockdev2
libbluetooth3
libbrotli1
libbsd0
libbz2-1.0
libc-bin
libc-dev-bin
libc6
libc6-dev
libcairo-gobject2
libcairo2
libcap-ng0
libcap2
libcap2-bin
libcbor0.6
libcc1-0
libcdio18
libcdparanoia0
libcolord2
libcom-err2
libcroco3
libcrypt-dev
libcrypt1
libcryptsetup12
libctf-nobfd0
libctf0
libcurl3-gnutls
libcurl4
libdatrie1
libdb5.3
libdbus-1-3
libdbus-glib-1-2
libdbusmenu-glib4
libdbusmenu-gtk3-4
libdconf1
libdebhelper-perl
libdevmapper1.02.1
libdns-export1109
libdouble-conversion3
libdpkg-perl
libdrm-amdgpu1
libdrm-common
libdrm-intel1
libdrm-nouveau2
libdrm-radeon1
libdrm2
libedit2
libefiboot1
libefivar1
libegl-mesa0
libegl1
libelf1
libepoxy0
libept1.6.0
libestr0
libevdev2
libexpat1
libext2fs2
libfakeroot
libfastjson4
libfdisk1
libffi7
libfftw3-single3
libfido2-1
libfile-fcntllock-perl
libfile-stripnondeterminism-perl
libfl2
libflac8
libfontconfig1
libfontenc1
libfreetype6
libfribidi0
libfuse2
libfwupd2
libfwupdplugin1
libgbm1
libgcab-1.0-0
libgcc-9-dev
libgcc-s1
libgck-1-0
libgcr-base-3-1
libgcrypt20
libgdbm-compat4
libgdbm6
libgdk-pixbuf2.0-0
libgdk-pixbuf2.0-bin
libgdk-pixbuf2.0-common
libgif7
libgirepository-1.0-1
libgl1
libgl1-mesa-dri
libglapi-mesa
libgles2
libglib2.0-0
libglib2.0-bin
libglib2.0-data
libglvnd0
libglx-mesa0
libglx0
libgmp-dev
libgmp10
libgmpxx4ldbl
libgnutls-dane0
libgnutls-openssl27
libgnutls30
libgnutlsxx28
libgomp1
libgpg-error0
libgpgme11
libgpm2
libgraphene-1.0-0
libgraphite2-3
libgs9
libgs9-common
libgssapi-krb5-2
libgssapi3-heimdal
libgstreamer-gl1.0-0
libgstreamer-plugins-base1.0-0
libgstreamer1.0-0
libgtk-3-bin
libgtk-3-common
libgudev-1.0-0
libgusb2
libharfbuzz0b
libhavege1
libhcrypto4-heimdal
libheimbase1-heimdal
libheimntlm0-heimdal
libhogweed5
libhx509-5-heimdal
libice6
libicu66
libidn11
libidn2-0
libidn2-dev
libijs-0.35
libinput-bin
libinput10
libip4tc2
libip6tc2
libisc-export1105
libisl22
libitm1
libjack-jackd2-0
libjansson4
libjbig0
libjbig2dec0
libjpeg-turbo8
libjpeg8
libjson-c4
libjson-glib-1.0-0
libjson-glib-1.0-common
libk5crypto3
libkeyutils1
libkmod2
libkrb5-26-heimdal
libkrb5-3
libkrb5support0
libksba8
liblcms2-2
libldap-2.4-2
libldap-common
libllvm10
liblmdb0
liblocale-gettext-perl
liblsan0
libltdl7
libluajit-5.1-2
libluajit-5.1-common
liblz4-1
liblzma5
liblzo2-2
libmagic-mgc
libmagic1
libmail-sendmail-perl
libmaxminddb0
libmbim-glib4
libmbim-proxy
libmm-glib0
libmnl0
libmpc3
libmpdec2
libmpfr6
libmtdev1
libncurses6
libncursesw6
libndp0
libnetfilter-conntrack3
libnetplan0
libnettle7
libnewt0.52
libnfnetlink0
libnftnl11
libnghttp2-14
libnl-3-200
libnl-genl-3-200
libnl-route-3-200
libnm0
libnma0
libnotify4
libnpth0
libnspr4
libnss-systemd
libnss3
libntfs-3g883
libnuma1
libogg0
libopenjp2-7
libopus0
liborc-0.4-0
libp11-kit-dev
libp11-kit0
libpackagekit-glib2-18
libpam-cap
libpam-modules
libpam-modules-bin
libpam-runtime
libpam0g
libpango-1.0-0
libpangocairo-1.0-0
libpangoft2-1.0-0
libpaper-utils
libpaper1
libparted-fs-resize0
libparted2
libpcap0.8
libpci3
libpciaccess0
libpcre16-3
libpcre2-16-0
libpcre2-8-0
libpcre3
libpcre32-3
libpcrecpp0v5
libpcsclite1
libperl5.30
libpipeline1
libpixman-1-0
libplymouth5
libpng16-16
libpolkit-agent-1-0
libpolkit-gobject-1-0
libpoppler-cpp0v5
libpoppler97
libpopt0
libprocps8
libproxy1v5
libpsl5
libpulse0
libpython3-stdlib
libpython3.8-minimal
libpython3.8-stdlib
libqmi-glib5
libqmi-proxy
libqt5core5a
libqt5dbus5
libqt5gui5
libqt5network5
libqt5qml5
libqt5svg5
libqt5widgets5
libquadmath0
libraw19
libreadline8
librest-0.7-0
libroken18-heimdal
librsvg2-2
librsvg2-common
librtmp1
libsamplerate0
libsasl2-2
libsasl2-modules
libsasl2-modules-db
libscim8v5
libseccomp2
libsecret-1-0
libsecret-common
libselinux1
libsemanage-common
libsemanage1
libsensors-config
libsensors5
libsepol1
libsigsegv2
libslang2
libsm6
libsmartcols1
libsmbios-c2
libsndfile1
libsodium23
libsoup-gnome2.4-1
libsoup2.4-1
libspectre1
libss2
libssh-4
libssl1.1
libstdc++-9-dev
libstdc++6
libstemmer0d
libsub-override-perl
libsys-hostname-long-perl
libsystemd0
libtag1v5-vanilla
libtasn1-6
libtasn1-6-dev
libtasn1-doc
libteamdctl0
libtext-charwidth-perl
libtext-iconv-perl
libtext-wrapi18n-perl
libthai-data
libthai0
libtheora0
libtiff5
libtinfo6
libtsan0
libtss2-esys0
libtwolame0
libubsan1
libuchardet0
libudev1
libudisks2-0
libuniconf4.6
libunistring2
libusb-1.0-0
libuv1
libv4l-0
libv4lconvert0
libvisual-0.4-0
libvolume-key1
libvorbis0a
libvorbisenc2
libvpx6
libvte-2.91-0
libvte-2.91-common
libvulkan1
libwacom-bin
libwacom-common
libwacom2
libwavpack1
libwayland-cursor0
libwayland-egl1
libwayland-server0
libwebp6
libwind0-heimdal
libwrap0
libwvstreams4.6-base
libwvstreams4.6-extras
libx11-6
libx11-data
libx11-xcb1
libxapian30
libxau6
libxaw7
libxcb-dri2-0
libxcb-dri3-0
libxcb-glx0
libxcb-icccm4
libxcb-image0
libxcb-keysyms1
libxcb-present0
libxcb-randr0
libxcb-render-util0
libxcb-render0
libxcb-shape0
libxcb-shm0
libxcb-sync1
libxcb-util1
libxcb-xfixes0
libxcb-xinerama0
libxcb-xkb1
libxcb1
libxcomposite1
libxcursor1
libxdamage1
libxdmcp6
libxext6
libxfixes3
libxfont2
libxi6
libxinerama1
libxkbcommon-x11-0
libxkbcommon0
libxkbfile1
libxml2
libxmlb1
libxmu6
libxmuu1
libxpm4
libxpresent1
libxrandr2
libxrender1
libxshmfence1
libxss1
libxt6
libxtables12
libxtst6
libxv1
libxxf86vm1
libyaml-0-2
libzstd1
linux-firmware
linux-headers-5.4.0-47
linux-headers-5.4.0-47-generic
linux-headers-generic
linux-image-5.4.0-47-generic
linux-image-generic
linux-libc-dev
linux-modules-5.4.0-47-generic
linux-modules-extra-5.4.0-47-generic
locales
login
logrotate
logsave
lsb-base
lsb-release
lshw
lsof
ltrace
m4
make
man-db
manpages
mawk
mesa-vulkan-drivers
mime-support
mobile-broadband-provider-info
modemmanager
mount
mtools
mtr-tiny
nano
ncurses-term
netbase
netcat-openbsd
netplan.io
nettle-dev
network-manager
network-manager-pptp
networkd-dispatcher
ntfs-3g
openssh-client
openssh-sftp-server
openssl
packagekit
packagekit-tools
parted
passwd
patch
pci.ids
pciutils
perl
perl-base
perl-modules-5.30
plymouth
plymouth-label
plymouth-theme-ubuntu-text
po-debconf
policykit-1
poppler-data
popularity-contest
powermgmt-base
ppp
pptp-linux
procps
psmisc
publicsuffix
python-apt-common
python3
python3-apt
python3-blinker
python3-certifi
python3-cffi-backend
python3-chardet
python3-click
python3-colorama
python3-commandnotfound
python3-cryptography
python3-distro
python3-distro-info
python3-distupgrade
python3-distutils
python3-entrypoints
python3-gdbm
python3-gi
python3-httplib2
python3-idna
python3-jwt
python3-keyring
python3-launchpadlib
python3-lazr.restfulclient
python3-lazr.uri
python3-lib2to3
python3-minimal
python3-netifaces
python3-oauthlib
python3-pkg-resources
python3-problem-report
python3-requests
python3-requests-unixsocket
python3-secretstorage
python3-simplejson
python3-six
python3-software-properties
python3-systemd
python3-update-manager
python3-urllib3
python3-wadllib
python3-xkit
python3-yaml
python3.8
python3.8-minimal
qml-module-qtquick2
qt5-gtk-platformtheme
readline-common
rsync
rsyslog
sbsigntool
sed
sensible-utils
shared-mime-info
ssh-import-id
strace
sudo
syslinux-common
systemd-sysv
systemd-timesyncd
sysvinit-utils
tar
tcpdump
telnet
thermald
time
tpm-udev
tzdata
ubuntu-advantage-tools
ubuntu-keyring
ubuntu-mono
ubuntu-release-upgrader-core
ucf
udev
ufw
update-manager-core
usb-modeswitch
usb-modeswitch-data
usb.ids
usbutils
util-linux
uuid-runtime
vim-common
vim-tiny
wamerican
wget
whiptail
wireless-regdb
wpasupplicant
wvdial
x11-common
x11-xkb-utils
xauth
xdg-user-dirs
xfonts-base
xfonts-encodings
xfonts-utils
xkb-data
xserver-common
xxd
xz-utils
zlib1g
