acpi-support
acpid
adwaita-icon-theme
apport
apport-symptoms
arc-theme
at
autoconf
automake
autotools-dev
base-passwd
bash
bluez
bodhi-plymouth-text
bodhi-plymouth-theme
btrfs-progs
build-essential
busybox-initramfs
ccache
cryptsetup
cryptsetup-bin
cryptsetup-initramfs
cryptsetup-run
curl
dash
debhelper
desktop-file-utils
dh-autoreconf
diffutils
dmeventd
enlightenment
enlightenment-data
enlightenment-dbg
ephoto-bl
ephoto-bl-dbg
findutils
fonts-dejavu-core
fonts-droid-fallback
fonts-noto-mono
fonts-quicksand
fonts-ubuntu
fonts-ubuntu-console
fonts-urw-base35
fwupd
fwupd-signed
genisoimage
gettext
gnome-accessibility-themes
gnome-themes-extra
gnome-themes-extra-data
gnome-themes-standard
grep
growisofs
grub-common
grub-gfxpayload-lists
grub-pc
grub-pc-bin
grub2-common
gstreamer1.0-gl
gstreamer1.0-plugins-good
gstreamer1.0-pulseaudio
gstreamer1.0-x
gtk-update-icon-cache
gtk2-engines-murrine
gtk2-engines-pixbuf
gzip
haveged
hostname
init
initramfs-tools
initramfs-tools-bin
initramfs-tools-core
jfsutils
klibc-utils
language-pack-en
language-pack-en-base
laptop-detect
libaio1
libalgorithm-diff-perl
libalgorithm-diff-xs-perl
libalgorithm-merge-perl
libarchive-cpio-perl
libarchive-zip-perl
libasound2
libavc1394-0
libcaca0
libcups2
libdebconfclient0
libdevmapper-event1.02.1
libdmraid1.0.0.rc16
libdrm-dev
libdv4
libefl
libefl-bin
libefl-data
libefl-dbg
libevent-2.1-7
libexpat1-dev
libgbm-dev
libgnutls28-dev
libgstreamer-plugins-good1.0-0
libgtk-3-0
libiec61883-0
libiso9660-11
libklibc
liblvm2cmd2.03
libmount1
libmp3lame0
libmpg123-0
libpam-systemd
libpcre3-dev
libpthread-stubs0-dev
libqt5quick5
libraw1394-11
libreadline5
libsgutils2-2
libshout3
libspeex1
libsqlite3-0
libtag1v5
libtool
libunbound8
libunwind8
libuuid1
libwayland-bin
libwayland-client0
libxatracker2
libxcb-composite0
libxcb-damage0
libxcb-xinput0
libxkbcommon-dev
libxvmc1
linux-base
linux-generic
linux-sound-base
lvm2
lz4
memtest86+
ncurses-base
ncurses-bin
network-manager-gnome
openssh-server
os-prober
pinentry-curses
pkg-config
policykit-1-gnome
policykit-desktop-privileges
python3-apport
python3-dbus
python3-debian
python3-nacl
python3-pymacaroons
python3-setuptools
qttranslations5-l10n
reiserfsprogs
sddm
sddm-theme-debian-maui
secureboot-db
software-properties-common
synaptic
syslinux
syslinux-legacy
systemd
terminology
terminology-data
terminology-dbg
thin-provisioning-tools
ttf-bitstream-vera
ttf-ubuntu-font-family
ubuntu-drivers-common
ubuntu-minimal
ubuntu-standard
udisks2
unattended-upgrades
wayland-protocols
xfsprogs
xserver-xorg
xserver-xorg-core
xserver-xorg-input-all
xserver-xorg-input-libinput
xserver-xorg-input-wacom
xserver-xorg-legacy
xserver-xorg-video-all
xserver-xorg-video-amdgpu
xserver-xorg-video-ati
xserver-xorg-video-fbdev
xserver-xorg-video-intel
xserver-xorg-video-nouveau
xserver-xorg-video-qxl
xserver-xorg-video-radeon
xserver-xorg-video-vesa
xserver-xorg-video-vmware
xwayland
